<?xml version="1.0" encoding="UTF-8"?>
<!-- Generated by org.testng.reporters.JUnitReportReporter -->
<testsuite hostname="IN1-1016845LTT" failures="0" tests="1" name="org.testing.TestScripts.TC2" time="53.213" errors="0" timestamp="2021-12-25T15:33:10 IST" skipped="0">
  <testcase classname="org.testing.TestScripts.TC2" name="YTBestsongs" time="53.213"/>
  <system-out/>
</testsuite> <!-- org.testing.TestScripts.TC2 -->
