<?xml version="1.0" encoding="UTF-8"?>
<!-- Generated by org.testng.reporters.JUnitReportReporter -->
<testsuite hostname="IN1-1016845LTT" failures="0" tests="1" name="org.testing.TestScripts.TC4" time="49.232" errors="0" timestamp="2021-12-18T00:04:28 IST" skipped="0">
  <testcase classname="org.testing.TestScripts.TC4" name="YTBestsongs" time="49.232"/>
  <system-out/>
</testsuite> <!-- org.testing.TestScripts.TC4 -->
