<?xml version="1.0" encoding="UTF-8"?>
<!-- Generated by org.testng.reporters.JUnitReportReporter -->
<testsuite hostname="IN1-1016845LTT" failures="0" tests="1" name="org.testing.TestScripts.TC3" time="52.812" errors="0" timestamp="2021-12-25T15:33:10 IST" skipped="0">
  <testcase classname="org.testing.TestScripts.TC3" name="YTBestsongs" time="52.812"/>
  <system-out/>
</testsuite> <!-- org.testing.TestScripts.TC3 -->
