<?xml version="1.0" encoding="UTF-8"?>
<!-- Generated by org.testng.reporters.JUnitReportReporter -->
<testsuite hostname="IN1-1016845LTT" failures="0" tests="8" name="org.testing.TestScripts.TestCases" time="0.011" errors="0" timestamp="2022-01-14T00:14:10 IST" skipped="0">
  <testcase classname="org.testing.TestScripts.TestCases" name="testcase" time="0.001"/>
  <system-out/>
  <testcase classname="org.testing.TestScripts.TestCases" name="testcase" time="0.001"/>
  <system-out/>
  <testcase classname="org.testing.TestScripts.TestCases" name="testcase" time="0.000"/>
  <system-out/>
  <testcase classname="org.testing.TestScripts.TestCases" name="testcase" time="0.000"/>
  <system-out/>
  <testcase classname="org.testing.TestScripts.TestCases" name="testcase" time="0.001"/>
  <system-out/>
  <testcase classname="org.testing.TestScripts.TestCases" name="testcase" time="0.001"/>
  <system-out/>
  <testcase classname="org.testing.TestScripts.TestCases" name="testcase" time="0.006"/>
  <system-out/>
  <testcase classname="org.testing.TestScripts.TestCases" name="testcase" time="0.001"/>
  <system-out/>
</testsuite> <!-- org.testing.TestScripts.TestCases -->
